New GET to: /api/v1/meetings/3
New GET to: /api/v1/meetings/3
New GET to: /api/v1/meetings/5
New GET to: /api/v1/meeting
New GET to: /api/v1/test-error
New POST to: /api/v1/meeting/2
New GET to: /api/v1/meeting/2
New GET to: /api/v1/meetings/2
New POST to: /api/v1/meetings/2
New GET to: /api/v1/meetings/3
New GET to: /api/v1/teams
New GET to: /api/v1/teams
New GET to: /api/v1/teams
New GET to: /api/v1/teams
New GET to: /api/v1/meetings/2
New OPTIONS to: /api/v1/meeting/2
New POST to: /api/v1/meeting/2
New GET to: /api/v1/teams
New GET to: /api/v1/teams
New GET to: /api/v1/teams
New GET to: /api/v1/teams
New GET to: /api/v1/meetings/2
New GET to: /api/v1/meetings/5
New GET to: /api/v1/meetings/10
New OPTIONS to: /api/v1/meeting/10
New POST to: /api/v1/meeting/10
New GET to: /api/v1/meetings/9
New GET to: /api/v1/meetings/2
New OPTIONS to: /api/v1/meeting/3
New POST to: /api/v1/meeting/3
New GET to: /api/v1/meetings/3
New GET to: /api/v1/teams
New GET to: /api/v1/teams
New GET to: /api/v1/teams
New GET to: /api/v1/teams
New OPTIONS to: /api/v1/meeting/1
New POST to: /api/v1/meeting/1
New GET to: /api/v1/teams
New GET to: /api/v1/teams
New GET to: /api/v1/teams
New GET to: /api/v1/teams
New OPTIONS to: /api/v1/meeting/8
New POST to: /api/v1/meeting/8
New GET to: /api/v1/teams
New GET to: /api/v1/teams
New GET to: /api/v1/teams
New GET to: /api/v1/teams
New GET to: /api/v1/teams
New GET to: /api/v1/teams
New GET to: /api/v1/teams
New GET to: /api/v1/teams
New GET to: /api/v1/teams
New GET to: /api/v1/teams
New GET to: /api/v1/teams
New GET to: /api/v1/teams
New GET to: /api/v1/meetings/1
New OPTIONS to: /api/v1/meeting/2
New POST to: /api/v1/meeting/2
New GET to: /api/v1/teams
New GET to: /api/v1/teams
New GET to: /api/v1/teams
New GET to: /api/v1/teams
New GET to: /api/v1/teams
New GET to: /api/v1/teams
New GET to: /api/v1/teams
New GET to: /api/v1/teams
New GET to: /api/v1/teams
New GET to: /api/v1/teams
New GET to: /api/v1/teams
New GET to: /api/v1/teams
New GET to: /api/v1/teams
New GET to: /api/v1/teams
New GET to: /api/v1/teams
New GET to: /api/v1/teams
New GET to: /api/v1/teams
New GET to: /api/v1/teams
New GET to: /api/v1/teams
New GET to: /api/v1/teams
New OPTIONS to: /api/v1/meeting/2
New POST to: /api/v1/meeting/2
New GET to: /api/v1/meetings/3
New GET to: /api/v1/teams
New GET to: /api/v1/teams
New GET to: /api/v1/teams
New GET to: /api/v1/teams
New GET to: /api/v1/teams
New GET to: /api/v1/teams
New GET to: /api/v1/teams
New GET to: /api/v1/teams
New GET to: /api/v1/teams
New GET to: /api/v1/teams
New GET to: /api/v1/teams
New GET to: /api/v1/teams
New GET to: /api/v1/teams
New GET to: /api/v1/teams
New GET to: /api/v1/teams
New GET to: /api/v1/teams
New GET to: /api/v1/teams
New GET to: /api/v1/teams
New GET to: /api/v1/teams
New GET to: /api/v1/teams
New GET to: /api/v1/teams
New GET to: /api/v1/teams
New GET to: /api/v1/teams
New GET to: /api/v1/teams
New GET to: /api/v1/meetings/1
New GET to: /api/v1/teams
New GET to: /api/v1/teams
New GET to: /api/v1/teams
New GET to: /api/v1/teams
New GET to: /api/v1/meetings/2
New GET to: /api/v1/meetings/1
New GET to: /api/v1/meetings/10
New GET to: /api/v1/meetings/7
New GET to: /api/v1/meetings/5
New GET to: /api/v1/teams
New GET to: /api/v1/teams
New GET to: /api/v1/teams
New GET to: /api/v1/teams
New GET to: /api/v1/meetings/2
New GET to: /api/v1/teams
New GET to: /api/v1/teams
New GET to: /api/v1/teams
New GET to: /api/v1/teams
New GET to: /api/v1/meetings/1
New GET to: /api/v1/teams
New GET to: /api/v1/teams
New GET to: /api/v1/teams
New GET to: /api/v1/teams
New GET to: /api/v1/meetings/2
New GET to: /api/v1/teams
New GET to: /api/v1/teams
New GET to: /api/v1/teams
New GET to: /api/v1/teams
New GET to: /api/v1/meetings/3
New GET to: /api/v1/meetings/4
New GET to: /api/v1/teams
New GET to: /api/v1/teams
New GET to: /api/v1/teams
New GET to: /api/v1/teams
New GET to: /api/v1/meetings/1
New GET to: /api/v1/teams
New GET to: /api/v1/teams
New GET to: /api/v1/teams
New GET to: /api/v1/teams
New GET to: /api/v1/meetings/2
New GET to: /api/v1/teams
New GET to: /api/v1/teams
New GET to: /api/v1/teams
New GET to: /api/v1/teams
New GET to: /api/v1/meetings/2
New GET to: /api/v1/teams
New GET to: /api/v1/teams
New GET to: /api/v1/teams
New GET to: /api/v1/teams
New GET to: /api/v1/meetings/3
New GET to: /api/v1/teams
New GET to: /api/v1/teams
New GET to: /api/v1/teams
New GET to: /api/v1/teams
New GET to: /api/v1/meetings/6
New GET to: /api/v1/teams
New GET to: /api/v1/teams
New GET to: /api/v1/teams
New GET to: /api/v1/teams
New GET to: /api/v1/meetings/1
New GET to: /api/v1/teams
New GET to: /api/v1/teams
New GET to: /api/v1/teams
New GET to: /api/v1/teams
New GET to: /api/v1/meetings/2
New GET to: /api/v1/teams
New GET to: /api/v1/teams
New GET to: /api/v1/teams
New GET to: /api/v1/teams
New GET to: /api/v1/meetings/2
New GET to: /api/v1/meetings/3
New GET to: /api/v1/teams
New GET to: /api/v1/teams
New GET to: /api/v1/teams
New GET to: /api/v1/teams
New GET to: /api/v1/meetings/3
New GET to: /api/v1/teams
New GET to: /api/v1/teams
New GET to: /api/v1/teams
New GET to: /api/v1/teams
New GET to: /api/v1/teams
New GET to: /api/v1/teams
New GET to: /api/v1/teams
New GET to: /api/v1/teams
New GET to: /api/v1/teams
New GET to: /api/v1/teams
New GET to: /api/v1/teams
New GET to: /api/v1/teams
New GET to: /api/v1/teams
New GET to: /api/v1/teams
New GET to: /api/v1/teams
New GET to: /api/v1/teams
New GET to: /api/v1/teams
New GET to: /api/v1/teams
New GET to: /api/v1/teams
New GET to: /api/v1/teams
New GET to: /api/v1/teams
New GET to: /api/v1/teams
New GET to: /api/v1/teams
New GET to: /api/v1/teams
New GET to: /api/v1/teams
New GET to: /api/v1/teams
New GET to: /api/v1/teams
New GET to: /api/v1/teams
New GET to: /api/v1/teams
New GET to: /api/v1/teams
New GET to: /api/v1/teams
New GET to: /api/v1/teams
New GET to: /api/v1/meetings/4
New GET to: /api/v1/meetings/3
New GET to: /api/v1/teams
New GET to: /api/v1/teams
New GET to: /api/v1/teams
New GET to: /api/v1/teams
New GET to: /api/v1/meetings/2
New GET to: /api/v1/teams
New GET to: /api/v1/teams
New GET to: /api/v1/teams
New GET to: /api/v1/teams
New GET to: /api/v1/meetings/2
New GET to: /api/v1/teams
New GET to: /api/v1/teams
New GET to: /api/v1/teams
New GET to: /api/v1/teams
New GET to: /api/v1/meetings/3
New GET to: /api/v1/teams
New GET to: /api/v1/teams
New GET to: /api/v1/teams
New GET to: /api/v1/teams
New GET to: /api/v1/meetings/1
New OPTIONS to: /api/v1/meeting/6
New POST to: /api/v1/meeting/6
New GET to: /api/v1/meetings/4
New GET to: /api/v1/meetings/9
New GET to: /api/v1/meetings/5
New GET to: /api/v1/teams
New GET to: /api/v1/teams
New GET to: /api/v1/teams
New GET to: /api/v1/teams
New GET to: /api/v1/meetings/2
New GET to: /api/v1/meetings/7
New GET to: /api/v1/meetings/9
New GET to: /api/v1/meetings/7
New GET to: /api/v1/teams
New GET to: /api/v1/teams
New GET to: /api/v1/teams
New GET to: /api/v1/teams
New GET to: /api/v1/meetings/2
New GET to: /api/v1/meetings/3
New GET to: /api/v1/meetings/5
New GET to: /api/v1/meetings/7
New GET to: /api/v1/meetings/4
New GET to: /api/v1/meetings/7
New GET to: /api/v1/meetings/4
New GET to: /api/v1/teams
New GET to: /api/v1/teams
New GET to: /api/v1/teams
New GET to: /api/v1/teams
New GET to: /api/v1/meetings/2
New GET to: /api/v1/meetings/5
New GET to: /api/v1/meetings/8
New GET to: /api/v1/teams
New GET to: /api/v1/teams
New GET to: /api/v1/teams
New GET to: /api/v1/teams
New GET to: /api/v1/teams
New GET to: /api/v1/teams
New GET to: /api/v1/teams
New GET to: /api/v1/teams
New GET to: /api/v1/meetings/4
New GET to: /api/v1/meetings/8
New GET to: /api/v1/teams
New GET to: /api/v1/teams
New GET to: /api/v1/teams
New GET to: /api/v1/teams
New GET to: /api/v1/meetings/3
New GET to: /api/v1/meetings/7
New GET to: /api/v1/meetings/10
New GET to: /api/v1/meetings/1
New OPTIONS to: /api/v1/meeting/1
New POST to: /api/v1/meeting/1
New GET to: /api/v1/teams
New GET to: /api/v1/teams
New GET to: /api/v1/teams
New GET to: /api/v1/teams
New GET to: /api/v1/teams
New GET to: /api/v1/teams
New GET to: /api/v1/teams
New GET to: /api/v1/teams
New GET to: /api/v1/teams
New GET to: /api/v1/teams
New GET to: /api/v1/teams
New GET to: /api/v1/teams
New GET to: /api/v1/meetings/3
New GET to: /api/v1/meetings/1
New OPTIONS to: /api/v1/meeting/6
New POST to: /api/v1/meeting/6
New GET to: /api/v1/teams
New GET to: /api/v1/teams
New GET to: /api/v1/teams
New GET to: /api/v1/teams
New OPTIONS to: /api/v1/meeting/2
New POST to: /api/v1/meeting/2
New GET to: /api/v1/teams
New GET to: /api/v1/teams
New GET to: /api/v1/teams
New GET to: /api/v1/teams
New GET to: /api/v1/meetings/5
New GET to: /api/v1/meetings/9
New GET to: /api/v1/meetings/10
New GET to: /api/v1/meetings/4
New GET to: /api/v1/meetings/1
New GET to: /api/v1/meetings/2
New+ GET to: /api/v1/meetings/2
New GET to: /api/v1/teams
New GET to: /api/v1/teams
New GET to: /api/v1/teams
New GET to: /api/v1/teams
New GET to: /api/v1/meetings/3
New GET to: /api/v1/meetings/5
New GET to: /api/v1/meetings/7
New GET to: /api/v1/meetings/2
New GET to: /api/v1/teams
New GET to: /api/v1/teams
New GET to: /api/v1/teams
New GET to: /api/v1/teams
New GET to: /api/v1/meetings/2
New GET to: /api/v1/teams
New GET to: /api/v1/teams
New GET to: /api/v1/teams
New GET to: /api/v1/teams
New GET to: /api/v1/teams
New GET to: /api/v1/teams
New OPTIONS to: /api/v1/meeting/1
New POST to: /api/v1/meeting/1
New OPTIONS to: /api/v1/meeting/1
New POST to: /api/v1/meeting/1
New POST to: /api/v1/meeting/1
New POST to: /api/v1/meeting/1
New POST to: /api/v1/meeting/1
New OPTIONS to: /api/v1/meeting/1
New POST to: /api/v1/meeting/1
New OPTIONS to: /api/v1/meeting/1
New POST to: /api/v1/meeting/1
New OPTIONS to: /api/v1/meeting/2
New POST to: /api/v1/meeting/2
New OPTIONS to: /api/v1/meeting/5
New POST to: /api/v1/meeting/5
New GET to: /api/v1/teams
New GET to: /api/v1/teams
New GET to: /api/v1/teams
New GET to: /api/v1/teams
New GET to: /api/v1/teams
New GET to: /api/v1/teams
New GET to: /api/v1/teams
New OPTIONS to: /api/v1/meeting/3
New POST to: /api/v1/meeting/3
New GET to: /api/v1/meetings/1
New GET to: /api/v1/meetings/3
New GET to: /api/v1/meetings/2
New GET to: /api/v1/meetings/2
New GET to: /api/v1/teams
New GET to: /api/v1/teams
New GET to: /api/v1/teams
New GET to: /api/v1/teams
New GET to: /api/v1/teams
New GET to: /api/v1/teams
New GET to: /api/v1/teams
New GET to: /api/v1/teams
New GET to: /api/v1/meetings/1
New GET to: /api/v1/teams
New GET to: /api/v1/teams
New GET to: /api/v1/teams
New GET to: /api/v1/teams
New GET to: /api/v1/meetings/1
New GET to: /api/v1/teams
New GET to: /api/v1/teams
New GET to: /api/v1/teams
New GET to: /api/v1/teams
New GET to: /api/v1/meetings/2
New GET to: /api/v1/teams
New GET to: /api/v1/teams
New GET to: /api/v1/teams
New GET to: /api/v1/teams
New GET to: /api/v1/teams
New GET to: /api/v1/teams
New GET to: /api/v1/teams
New GET to: /api/v1/teams
New GET to: /api/v1/meetings/2
New GET to: /api/v1/meetings/4
New GET to: /api/v1/teams
New GET to: /api/v1/teams
New GET to: /api/v1/teams
New GET to: /api/v1/teams
New GET to: /api/v1/teams
New GET to: /api/v1/teams
New GET to: /api/v1/teams
New GET to: /api/v1/teams
New GET to: /api/v1/teams
New GET to: /api/v1/teams
New GET to: /api/v1/teams
New GET to: /api/v1/teams
New GET to: /api/v1/meetings/3
New GET to: /api/v1/teams
New GET to: /api/v1/teams
New GET to: /api/v1/teams
New GET to: /api/v1/teams
New GET to: /api/v1/teams
New GET to: /api/v1/teams
New GET to: /api/v1/teams
New GET to: /api/v1/teams
New GET to: /api/v1/teams
New GET to: /api/v1/teams
New GET to: /api/v1/teams
New GET to: /api/v1/teams
New OPTIONS to: /api/v1/meeting/3
New POST to: /api/v1/meeting/3
New GET to: /api/v1/teams
New GET to: /api/v1/teams
New GET to: /api/v1/teams
New GET to: /api/v1/teams
New GET to: /api/v1/teams
New GET to: /api/v1/teams
New GET to: /api/v1/teams
New GET to: /api/v1/teams
New GET to: /api/v1/teams
New GET to: /api/v1/teams
New GET to: /api/v1/teams
New GET to: /api/v1/teams
New GET to: /api/v1/teams
New GET to: /api/v1/teams
New GET to: /api/v1/teams
New GET to: /api/v1/teams
New GET to: /api/v1/teams
New GET to: /api/v1/teams
New GET to: /api/v1/teams
New GET to: /api/v1/teams
New OPTIONS to: /api/v1/meeting/1
New POST to: /api/v1/meeting/1
New GET to: /api/v1/teams
New GET to: /api/v1/teams
New GET to: /api/v1/teams
New GET to: /api/v1/teams
New GET to: /api/v1/teams
New GET to: /api/v1/teams
New GET to: /api/v1/teams
New GET to: /api/v1/teams
New OPTIONS to: /api/v1/meeting/3
New POST to: /api/v1/meeting/3
New OPTIONS to: /api/v1/meeting/1
New POST to: /api/v1/meeting/1
New OPTIONS to: /api/v1/meeting/1
New POST to: /api/v1/meeting/1
New OPTIONS to: /api/v1/meeting/3
New POST to: /api/v1/meeting/3
New OPTIONS to: /api/v1/meeting/3
New POST to: /api/v1/meeting/3
New GET to: /api/v1/meeting/3
New GET to: /api/v1/teams
New GET to: /api/v1/teams
New GET to: /api/v1/teams
New GET to: /api/v1/teams
New OPTIONS to: /api/v1/meeting/1
New POST to: /api/v1/meeting/1
New GET to: /api/v1/teams
New GET to: /api/v1/teams
New GET to: /api/v1/teams
New GET to: /api/v1/teams
New OPTIONS to: /api/v1/meeting/7
New POST to: /api/v1/meeting/7
New GET to: /api/v1/meetings/1
New GET to: /api/v1/meetings/2
New GET to: /api/v1/meetings/3
New GET to: /api/v1/meetings/6
New GET to: /api/v1/meetings/10
New OPTIONS to: /api/v1/meeting/10
New POST to: /api/v1/meeting/10
New GET to: /api/v1/meetings/3
New GET to: /api/v1/meetings/5
New OPTIONS to: /api/v1/meeting/5
New POST to: /api/v1/meeting/5
New GET to: /api/v1/meetings/1
New GET to: /api/v1/meetings/2
New GET to: /api/v1/meetings/4
New GET to: /api/v1/meetings/5
New GET to: /api/v1/meetings/7
New GET to: /api/v1/teams
New GET to: /api/v1/teams
New GET to: /api/v1/teams
New GET to: /api/v1/teams
New GET to: /api/v1/teams
New GET to: /api/v1/teams
New GET to: /api/v1/teams
New GET to: /api/v1/teams
New GET to: /api/v1/teams
New GET to: /api/v1/teams
New GET to: /api/v1/teams
New GET to: /api/v1/teams
New GET to: /api/v1/teams
New GET to: /api/v1/teams
New GET to: /api/v1/meetings/1
New OPTIONS to: /api/v1/meeting/2
New POST to: /api/v1/meeting/2
New OPTIONS to: /api/v1/meeting/8
New POST to: /api/v1/meeting/8
New GET to: /api/v1/meetings/2
New GET to: /api/v1/meetings/7
New GET to: /api/v1/meetings/9
New GET to: /api/v1/meetings/8
New GET to: /api/v1/teams
New GET to: /api/v1/teams
New GET to: /api/v1/teams
New GET to: /api/v1/teams
New GET to: /api/v1/meetings/1
New GET to: /api/v1/teams
New GET to: /api/v1/teams
New GET to: /api/v1/teams
New GET to: /api/v1/teams
New GET to: /api/v1/meetings/1
New GET to: /api/v1/meetings/4
New GET to: /api/v1/meetings/6
New GET to: /api/v1/teams
New GET to: /api/v1/teams
New GET to: /api/v1/teams
New GET to: /api/v1/teams
New GET to: /api/v1/teams
New GET to: /api/v1/teams
New GET to: /api/v1/teams
New GET to: /api/v1/teams
New GET to: /api/v1/teams
New GET to: /api/v1/teams
New GET to: /api/v1/meetings/1
New GET to: /api/v1/meetings/3
New OPTIONS to: /api/v1/meeting/1
New POST to: /api/v1/meeting/1
New GET to: /api/v1/teams
New GET to: /api/v1/teams
New GET to: /api/v1/teams
New GET to: /api/v1/teams
New GET to: /api/v1/teams
New GET to: /api/v1/teams
New GET to: /api/v1/teams
New GET to: /api/v1/teams
New GET to: /api/v1/meetings/1
New GET to: /api/v1/meetings/3
New OPTIONS to: /api/v1/meeting/1
New POST to: /api/v1/meeting/1
New GET to: /api/v1/meetings/1
New GET to: /api/v1/teams
New GET to: /api/v1/teams
New GET to: /api/v1/teams
New GET to: /api/v1/teams
New GET to: /api/v1/meetings/1
New GET to: /api/v1/meetings/8
New GET to: /api/v1/meetings/10
New GET to: /api/v1/meetings/6
New OPTIONS to: /api/v1/meeting/1
New POST to: /api/v1/meeting/1
New OPTIONS to: /api/v1/meeting/2
New POST to: /api/v1/meeting/2
New GET to: /api/v1/meetings/1
New GET to: /api/v1/teams
New GET to: /api/v1/teams
New GET to: /api/v1/teams
New GET to: /api/v1/teams
New GET to: /api/v1/meetings/1
New GET to: /api/v1/meetings/3
New GET to: /api/v1/meetings/2
New GET to: /api/v1/teams
New GET to: /api/v1/teams
New GET to: /api/v1/teams
New GET to: /api/v1/teams
New GET to: /api/v1/teams
New GET to: /api/v1/teams
New GET to: /api/v1/teams
New GET to: /api/v1/teams
New GET to: /api/v1/meetings/1
New GET to: /api/v1/meetings/2
New GET to: /api/v1/teams
New GET to: /api/v1/teams
New GET to: /api/v1/teams
New GET to: /api/v1/teams
New GET to: /api/v1/meetings/2
New GET to: /api/v1/teams
New GET to: /api/v1/teams
New GET to: /api/v1/teams
New GET to: /api/v1/teams
New GET to: /api/v1/meetings/1
New GET to: /api/v1/teams
New GET to: /api/v1/teams
New GET to: /api/v1/teams
New GET to: /api/v1/teams
New GET to: /api/v1/meetings/1
New GET to: /api/v1/teams
New GET to: /api/v1/teams
New GET to: /api/v1/teams
New GET to: /api/v1/teams
New GET to: /api/v1/meetings/1
New GET to: /api/v1/teams
New GET to: /api/v1/teams
New GET to: /api/v1/teams
New GET to: /api/v1/teams
New GET to: /api/v1/meetings/2
New GET to: /api/v1/teams
New GET to: /api/v1/teams
New GET to: /api/v1/teams
New GET to: /api/v1/teams
New GET to: /api/v1/meetings/1
New GET to: /api/v1/teams
New GET to: /api/v1/teams
New GET to: /api/v1/teams
New GET to: /api/v1/teams
New GET to: /api/v1/meetings/2
New GET to: /api/v1/teams
New GET to: /api/v1/teams
New GET to: /api/v1/teams
New GET to: /api/v1/teams
New GET to: /api/v1/meetings/1
New GET to: /api/v1/meetings/2
New GET to: /api/v1/meetings/6
New GET to: /api/v1/meetings/9
New GET to: /api/v1/meetings/10
New GET to: /api/v1/meetings/3
New GET to: /api/v1/teams
New GET to: /api/v1/teams
New GET to: /api/v1/teams
New GET to: /api/v1/teams
New GET to: /api/v1/meetings/2
New GET to: /api/v1/teams
New GET to: /api/v1/teams
New GET to: /api/v1/teams
New GET to: /api/v1/teams
New GET to: /api/v1/meetings/1
New GET to: /api/v1/teams
New GET to: /api/v1/teams
New GET to: /api/v1/teams
New GET to: /api/v1/teams
New GET to: /api/v1/meetings/3
New GET to: /api/v1/teams
New GET to: /api/v1/teams
New GET to: /api/v1/teams
New GET to: /api/v1/teams
New GET to: /api/v1/meetings/2
New GET to: /api/v1/meetings/6
New GET to: /api/v1/meetings/8
New GET to: /api/v1/meetings/5
New GET to: /api/v1/teams
New GET to: /api/v1/teams
New GET to: /api/v1/teams
New GET to: /api/v1/teams
New GET to: /api/v1/meetings/2
New GET to: /api/v1/teams
New GET to: /api/v1/teams
New GET to: /api/v1/teams
New GET to: /api/v1/teams
New GET to: /api/v1/meetings/2
New GET to: /api/v1/teams
New GET to: /api/v1/teams
New GET to: /api/v1/teams
New GET to: /api/v1/teams
New GET to: /api/v1/meetings/2
New GET to: /api/v1/teams
New GET to: /api/v1/teams
New GET to: /api/v1/teams
New GET to: /api/v1/teams
New GET to: /api/v1/meetings/1
New GET to: /api/v1/teams
New GET to: /api/v1/teams
New GET to: /api/v1/teams
New GET to: /api/v1/teams
New GET to: /api/v1/meetings/1
New GET to: /api/v1/teams
New GET to: /api/v1/teams
New GET to: /api/v1/teams
New GET to: /api/v1/teams
New GET to: /api/v1/meetings/5
New GET to: /api/v1/meetings/8
New GET to: /api/v1/meetings/3
New GET to: /api/v1/teams
New GET to: /api/v1/teams
New GET to: /api/v1/teams
New GET to: /api/v1/teams
New GET to: /api/v1/meetings/2
New GET to: /api/v1/teams
New GET to: /api/v1/teams
New GET to: /api/v1/teams
New GET to: /api/v1/teams
New GET to: /api/v1/meetings/1
New GET to: /api/v1/teams
New GET to: /api/v1/teams
New GET to: /api/v1/teams
New GET to: /api/v1/teams
New GET to: /api/v1/meetings/4
New GET to: /api/v1/meetings/3
New GET to: /api/v1/meetings/2
New GET to: /api/v1/teams
New GET to: /api/v1/teams
New GET to: /api/v1/teams
New GET to: /api/v1/teams
New GET to: /api/v1/meetings/2
New GET to: /api/v1/meetings/4
New GET to: /api/v1/meetings/8
New OPTIONS to: /api/v1/meeting/1
New POST to: /api/v1/meeting/1
New OPTIONS to: /api/v1/meeting/2
New POST to: /api/v1/meeting/2
New OPTIONS to: /api/v1/meeting/2
New POST to: /api/v1/meeting/2
New GET to: /api/v1/meetings/2
New GET to: /api/v1/teams
New GET to: /api/v1/meetings
New GET to: /api/v1/meetings/2
New GET to: /api/v1/meeting
New GET to: /api/v1/meetings/2
New GET to: /api/v1/teams
New GET to: /api/v1/teams
New GET to: /api/v1/teams
New GET to: /api/v1/teams
New GET to: /api/v1/meetings/4
New GET to: /api/v1/teams
New GET to: /api/v1/teams
New GET to: /api/v1/teams
New GET to: /api/v1/teams
New GET to: /api/v1/teams
New GET to: /api/v1/teams
New GET to: /api/v1/teams
New GET to: /api/v1/teams
New GET to: /api/v1/meetings/2
New GET to: /api/v1/teams
New GET to: /api/v1/teams
New GET to: /api/v1/teams
New GET to: /api/v1/teams
New GET to: /api/v1/teams
New GET to: /api/v1/teams
New GET to: /api/v1/teams
New GET to: /api/v1/teams
New GET to: /api/v1/teams
New GET to: /api/v1/teams
New GET to: /api/v1/teams
New GET to: /api/v1/teams
New GET to: /api/v1/meetings/2
New OPTIONS to: /api/v1/meeting/2
New POST to: /api/v1/meeting/2
New GET to: /api/v1/meetings/3
New GET to: /api/v1/meetings/7
New GET to: /api/v1/teams
New GET to: /api/v1/teams
New GET to: /api/v1/teams
New GET to: /api/v1/teams
New GET to: /api/v1/teams
New GET to: /api/v1/teams
New GET to: /api/v1/teams
New GET to: /api/v1/teams
New GET to: /api/v1/meetings/1
